??:??:?? **** Incremental Build of configuration Debug for project EEPROM_I2C_Exercise ****
make all 
Building file: ../external_eeprom.c
Invoking: AVR Compiler
avr-gcc -Wall -g2 -gstabs -O0 -fpack-struct -fshort-enums -ffunction-sections -fdata-sections -std=gnu99 -funsigned-char -funsigned-bitfields -mmcu=atmega16 -DF_CPU=8000000UL -MMD -MP -MF"external_eeprom.d" -MT"external_eeprom.o" -c -o "external_eeprom.o" "../external_eeprom.c"
Finished building: ../external_eeprom.c
 
Building file: ../gpio.c
Invoking: AVR Compiler
avr-gcc -Wall -g2 -gstabs -O0 -fpack-struct -fshort-enums -ffunction-sections -fdata-sections -std=gnu99 -funsigned-char -funsigned-bitfields -mmcu=atmega16 -DF_CPU=8000000UL -MMD -MP -MF"gpio.d" -MT"gpio.o" -c -o "gpio.o" "../gpio.c"
Finished building: ../gpio.c
 
Building file: ../twi.c
Invoking: AVR Compiler
avr-gcc -Wall -g2 -gstabs -O0 -fpack-struct -fshort-enums -ffunction-sections -fdata-sections -std=gnu99 -funsigned-char -funsigned-bitfields -mmcu=atmega16 -DF_CPU=8000000UL -MMD -MP -MF"twi.d" -MT"twi.o" -c -o "twi.o" "../twi.c"
Finished building: ../twi.c
 
Building target: EEPROM_I2C_Exercise.elf
Invoking: AVR C Linker
avr-gcc -Wl,-Map,EEPROM_I2C_Exercise.map -mmcu=atmega16 -o "EEPROM_I2C_Exercise.elf"  ./External_EEPROM_I2C.o ./external_eeprom.o ./gpio.o ./twi.o   
Finished building target: EEPROM_I2C_Exercise.elf
 
Invoking: AVR Create Extended Listing
avr-objdump -h -S EEPROM_I2C_Exercise.elf  >"EEPROM_I2C_Exercise.lss"
Finished building: EEPROM_I2C_Exercise.lss
 
Invoking: Print Size
avr-size --format=avr --mcu=atmega16 EEPROM_I2C_Exercise.elf
AVR Memory Usage
----------------
Device: atmega16

Program:    5532 bytes (33.8% Full)
(.text + .data + .bootloader)

Data:          8 bytes (0.8% Full)
(.data + .bss + .noinit)


Finished building: sizedummy
 

??:??:?? Build Finished. 0 errors, 0 warnings. (took 1s.791ms)

